# JRE version: Java(TM) SE Runtime Environment (17.0+35) (build 17+35-LTS-2724)
# Java VM: Java HotSpot(TM) 64-Bit Server VM (17+35-LTS-2724, mixed mode, sharing, tiered, compressed oops, compressed class ptrs, g1 gc, windows-amd64)
GC Precious Log:
 CPUs: 2 total, 2 available
 Memory: 5965M
 Large Page Support: Disabled
 NUMA Support: Disabled
 Compressed Oops: Enabled (32-bit)
 Heap Region Size: 1M
 Heap Min Capacity: 8M
 Heap Initial Capacity: 94M
 Heap Max Capacity: 2G
 Pre-touch: Disabled
 Parallel Workers: 2
 Concurrent Workers: 1
 Concurrent Refinement Workers: 2
 Periodic GC: Disabled
Heap:
 garbage-first heap   total 331776K, used 176635K [0x0000000080000000, 0x0000000100000000)
  region size 1024K, 57 young (58368K), 12 survivors (12288K)
 Metaspace       used 99314K, committed 100160K, reserved 512000K
  class space    used 13749K, committed 14144K, reserved 421888K
GC Heap History (20 events):
Event: 34.117 GC heap before
{Heap before GC invocations=44 (full 0):
 garbage-first heap   total 162816K, used 126666K [0x0000000080000000, 0x0000000100000000)
  region size 1024K, 38 young (38912K), 1 survivors (1024K)
 Metaspace       used 78357K, committed 79168K, reserved 495616K
  class space    used 10825K, committed 11200K, reserved 421888K
}
Event: 34.122 GC heap after
{Heap after GC invocations=45 (full 0):
 garbage-first heap   total 162816K, used 91583K [0x0000000080000000, 0x0000000100000000)
  region size 1024K, 4 young (4096K), 4 survivors (4096K)
 Metaspace       used 78357K, committed 79168K, reserved 495616K
  class space    used 10825K, committed 11200K, reserved 421888K
}
Event: 35.137 GC heap before
{Heap before GC invocations=46 (full 0):
 garbage-first heap   total 162816K, used 126399K [0x0000000080000000, 0x0000000100000000)
  region size 1024K, 41 young (41984K), 4 survivors (4096K)
 Metaspace       used 81502K, committed 82240K, reserved 495616K
  class space    used 11223K, committed 11584K, reserved 421888K
}
Event: 35.144 GC heap after
{Heap after GC invocations=47 (full 0):
 garbage-first heap   total 162816K, used 89338K [0x0000000080000000, 0x0000000100000000)
  region size 1024K, 2 young (2048K), 2 survivors (2048K)
 Metaspace       used 81502K, committed 82240K, reserved 495616K
  class space    used 11223K, committed 11584K, reserved 421888K
}
Event: 35.247 GC heap before
{Heap before GC invocations=47 (full 0):
 garbage-first heap   total 162816K, used 93434K [0x0000000080000000, 0x0000000100000000)
  region size 1024K, 7 young (7168K), 2 survivors (2048K)
 Metaspace       used 81815K, committed 82560K, reserved 495616K
  class space    used 11260K, committed 11584K, reserved 421888K
}
Event: 35.258 GC heap after
{Heap after GC invocations=48 (full 0):
 garbage-first heap   total 162816K, used 88945K [0x0000000080000000, 0x0000000100000000)
  region size 1024K, 1 young (1024K), 1 survivors (1024K)
 Metaspace       used 81815K, committed 82560K, reserved 495616K
  class space    used 11260K, committed 11584K, reserved 421888K
}
Event: 39.083 GC heap before
{Heap before GC invocations=48 (full 0):
 garbage-first heap   total 162816K, used 129905K [0x0000000080000000, 0x0000000100000000)
  region size 1024K, 41 young (41984K), 1 survivors (1024K)
 Metaspace       used 82332K, committed 83136K, reserved 495616K
  class space    used 11354K, committed 11712K, reserved 421888K
}
Event: 39.096 GC heap after
{Heap after GC invocations=49 (full 0):
 garbage-first heap   total 162816K, used 92418K [0x0000000080000000, 0x0000000100000000)
  region size 1024K, 4 young (4096K), 4 survivors (4096K)
 Metaspace       used 82332K, committed 83136K, reserved 495616K
  class space    used 11354K, committed 11712K, reserved 421888K
}
Event: 39.902 GC heap before
{Heap before GC invocations=50 (full 0):
 garbage-first heap   total 163840K, used 131330K [0x0000000080000000, 0x0000000100000000)
  region size 1024K, 42 young (43008K), 4 survivors (4096K)
 Metaspace       used 84738K, committed 85568K, reserved 495616K
  class space    used 11707K, committed 12096K, reserved 421888K
}
Event: 39.910 GC heap after
{Heap after GC invocations=51 (full 0):
 garbage-first heap   total 163840K, used 94359K [0x0000000080000000, 0x0000000100000000)
  region size 1024K, 2 young (2048K), 2 survivors (2048K)
 Metaspace       used 84738K, committed 85568K, reserved 495616K
  class space    used 11707K, committed 12096K, reserved 421888K
}
Event: 40.024 GC heap before
{Heap before GC invocations=51 (full 0):
 garbage-first heap   total 163840K, used 100503K [0x0000000080000000, 0x0000000100000000)
  region size 1024K, 8 young (8192K), 2 survivors (2048K)
 Metaspace       used 85133K, committed 85888K, reserved 503808K
  class space    used 11744K, committed 12096K, reserved 421888K
}
Event: 40.029 GC heap after
{Heap after GC invocations=52 (full 0):
 garbage-first heap   total 163840K, used 94955K [0x0000000080000000, 0x0000000100000000)
  region size 1024K, 1 young (1024K), 1 survivors (1024K)
 Metaspace       used 85133K, committed 85888K, reserved 503808K
  class space    used 11744K, committed 12096K, reserved 421888K
}
Event: 40.880 GC heap before
{Heap before GC invocations=52 (full 0):
 garbage-first heap   total 163840K, used 134891K [0x0000000080000000, 0x0000000100000000)
  region size 1024K, 40 young (40960K), 1 survivors (1024K)
 Metaspace       used 88231K, committed 89024K, reserved 503808K
  class space    used 12343K, committed 12736K, reserved 421888K
}
Event: 40.886 GC heap after
{Heap after GC invocations=53 (full 0):
 garbage-first heap   total 348160K, used 95942K [0x0000000080000000, 0x0000000100000000)
  region size 1024K, 2 young (2048K), 2 survivors (2048K)
 Metaspace       used 88231K, committed 89024K, reserved 503808K
  class space    used 12343K, committed 12736K, reserved 421888K
}
Event: 47.430 GC heap before
{Heap before GC invocations=54 (full 0):
 garbage-first heap   total 331776K, used 272070K [0x0000000080000000, 0x0000000100000000)
  region size 1024K, 174 young (178176K), 2 survivors (2048K)
 Metaspace       used 98442K, committed 99264K, reserved 512000K
  class space    used 13677K, committed 14080K, reserved 421888K
}
Event: 47.457 GC heap after
{Heap after GC invocations=55 (full 0):
 garbage-first heap   total 331776K, used 107918K [0x0000000080000000, 0x0000000100000000)
  region size 1024K, 14 young (14336K), 14 survivors (14336K)
 Metaspace       used 98442K, committed 99264K, reserved 512000K
  class space    used 13677K, committed 14080K, reserved 421888K
}
Event: 47.564 GC heap before
{Heap before GC invocations=55 (full 0):
 garbage-first heap   total 331776K, used 109966K [0x0000000080000000, 0x0000000100000000)
  region size 1024K, 16 young (16384K), 14 survivors (14336K)
 Metaspace       used 98466K, committed 99264K, reserved 512000K
  class space    used 13677K, committed 14080K, reserved 421888K
}
Event: 47.583 GC heap after
{Heap after GC invocations=56 (full 0):
 garbage-first heap   total 331776K, used 108027K [0x0000000080000000, 0x0000000100000000)
  region size 1024K, 1 young (1024K), 1 survivors (1024K)
 Metaspace       used 98466K, committed 99264K, reserved 512000K
  class space    used 13677K, committed 14080K, reserved 421888K
}
Event: 51.853 GC heap before
{Heap before GC invocations=56 (full 0):
 garbage-first heap   total 331776K, used 270843K [0x0000000080000000, 0x0000000100000000)
  region size 1024K, 145 young (148480K), 1 survivors (1024K)
 Metaspace       used 99190K, committed 100096K, reserved 512000K
  class space    used 13736K, committed 14144K, reserved 421888K
}
Event: 51.878 GC heap after
{Heap after GC invocations=57 (full 0):
 garbage-first heap   total 331776K, used 119291K [0x0000000080000000, 0x0000000100000000)
  region size 1024K, 12 young (12288K), 12 survivors (12288K)
 Metaspace       used 99190K, committed 100096K, reserved 512000K
  class space    used 13736K, committed 14144K, reserved 421888K
}

