# JRE version: Java(TM) SE Runtime Environment (17.0+35) (build 17+35-LTS-2724)
# Java VM: Java HotSpot(TM) 64-Bit Server VM (17+35-LTS-2724, mixed mode, sharing, tiered, compressed oops, compressed class ptrs, g1 gc, windows-amd64)
GC Precious Log:
 CPUs: 2 total, 2 available
 Memory: 5965M
 Large Page Support: Disabled
 NUMA Support: Disabled
 Compressed Oops: Enabled (32-bit)
 Heap Region Size: 1M
 Heap Min Capacity: 8M
 Heap Initial Capacity: 94M
 Heap Max Capacity: 2G
 Pre-touch: Disabled
 Parallel Workers: 2
 Concurrent Workers: 1
 Concurrent Refinement Workers: 2
 Periodic GC: Disabled
Heap:
 garbage-first heap   total 153600K, used 114090K [0x0000000080000000, 0x0000000100000000)
  region size 1024K, 26 young (26624K), 3 survivors (3072K)
 Metaspace       used 83548K, committed 84288K, reserved 495616K
  class space    used 11752K, committed 12096K, reserved 421888K
GC Heap History (20 events):
Event: 31.885 GC heap before
{Heap before GC invocations=36 (full 0):
 garbage-first heap   total 114688K, used 75071K [0x0000000080000000, 0x0000000100000000)
  region size 1024K, 5 young (5120K), 4 survivors (4096K)
 Metaspace       used 66392K, committed 67136K, reserved 487424K
  class space    used 9373K, committed 9728K, reserved 421888K
}
Event: 31.890 GC heap after
{Heap after GC invocations=37 (full 0):
 garbage-first heap   total 114688K, used 74581K [0x0000000080000000, 0x0000000100000000)
  region size 1024K, 1 young (1024K), 1 survivors (1024K)
 Metaspace       used 66392K, committed 67136K, reserved 487424K
  class space    used 9373K, committed 9728K, reserved 421888K
}
Event: 32.404 GC heap before
{Heap before GC invocations=37 (full 0):
 garbage-first heap   total 114688K, used 94037K [0x0000000080000000, 0x0000000100000000)
  region size 1024K, 21 young (21504K), 1 survivors (1024K)
 Metaspace       used 68420K, committed 69120K, reserved 487424K
  class space    used 9577K, committed 9920K, reserved 421888K
}
Event: 32.408 GC heap after
{Heap after GC invocations=38 (full 0):
 garbage-first heap   total 114688K, used 74840K [0x0000000080000000, 0x0000000100000000)
  region size 1024K, 1 young (1024K), 1 survivors (1024K)
 Metaspace       used 68420K, committed 69120K, reserved 487424K
  class space    used 9577K, committed 9920K, reserved 421888K
}
Event: 33.319 GC heap before
{Heap before GC invocations=39 (full 0):
 garbage-first heap   total 128000K, used 96344K [0x0000000080000000, 0x0000000100000000)
  region size 1024K, 22 young (22528K), 1 survivors (1024K)
 Metaspace       used 70516K, committed 71232K, reserved 487424K
  class space    used 9824K, committed 10176K, reserved 421888K
}
Event: 33.323 GC heap after
{Heap after GC invocations=40 (full 0):
 garbage-first heap   total 128000K, used 78250K [0x0000000080000000, 0x0000000100000000)
  region size 1024K, 3 young (3072K), 3 survivors (3072K)
 Metaspace       used 70516K, committed 71232K, reserved 487424K
  class space    used 9824K, committed 10176K, reserved 421888K
}
Event: 33.326 GC heap before
{Heap before GC invocations=40 (full 0):
 garbage-first heap   total 128000K, used 81322K [0x0000000080000000, 0x0000000100000000)
  region size 1024K, 6 young (6144K), 3 survivors (3072K)
 Metaspace       used 70516K, committed 71232K, reserved 487424K
  class space    used 9824K, committed 10176K, reserved 421888K
}
Event: 33.332 GC heap after
{Heap after GC invocations=41 (full 0):
 garbage-first heap   total 128000K, used 78537K [0x0000000080000000, 0x0000000100000000)
  region size 1024K, 1 young (1024K), 1 survivors (1024K)
 Metaspace       used 70516K, committed 71232K, reserved 487424K
  class space    used 9824K, committed 10176K, reserved 421888K
}
Event: 33.667 GC heap before
{Heap before GC invocations=41 (full 0):
 garbage-first heap   total 128000K, used 108233K [0x0000000080000000, 0x0000000100000000)
  region size 1024K, 26 young (26624K), 1 survivors (1024K)
 Metaspace       used 71319K, committed 72064K, reserved 487424K
  class space    used 9938K, committed 10304K, reserved 421888K
}
Event: 33.671 GC heap after
{Heap after GC invocations=42 (full 0):
 garbage-first heap   total 128000K, used 81562K [0x0000000080000000, 0x0000000100000000)
  region size 1024K, 4 young (4096K), 4 survivors (4096K)
 Metaspace       used 71319K, committed 72064K, reserved 487424K
  class space    used 9938K, committed 10304K, reserved 421888K
}
Event: 34.365 GC heap before
{Heap before GC invocations=42 (full 0):
 garbage-first heap   total 128000K, used 104090K [0x0000000080000000, 0x0000000100000000)
  region size 1024K, 27 young (27648K), 4 survivors (4096K)
 Metaspace       used 73127K, committed 73792K, reserved 487424K
  class space    used 10163K, committed 10496K, reserved 421888K
}
Event: 34.369 GC heap after
{Heap after GC invocations=43 (full 0):
 garbage-first heap   total 153600K, used 83414K [0x0000000080000000, 0x0000000100000000)
  region size 1024K, 2 young (2048K), 2 survivors (2048K)
 Metaspace       used 73127K, committed 73792K, reserved 487424K
  class space    used 10163K, committed 10496K, reserved 421888K
}
Event: 36.019 GC heap before
{Heap before GC invocations=43 (full 0):
 garbage-first heap   total 153600K, used 123350K [0x0000000080000000, 0x0000000100000000)
  region size 1024K, 41 young (41984K), 2 survivors (2048K)
 Metaspace       used 76404K, committed 77056K, reserved 495616K
  class space    used 10578K, committed 10880K, reserved 421888K
}
Event: 36.024 GC heap after
{Heap after GC invocations=44 (full 0):
 garbage-first heap   total 153600K, used 84853K [0x0000000080000000, 0x0000000100000000)
  region size 1024K, 3 young (3072K), 3 survivors (3072K)
 Metaspace       used 76404K, committed 77056K, reserved 495616K
  class space    used 10578K, committed 10880K, reserved 421888K
}
Event: 41.316 GC heap before
{Heap before GC invocations=44 (full 0):
 garbage-first heap   total 153600K, used 124789K [0x0000000080000000, 0x0000000100000000)
  region size 1024K, 42 young (43008K), 3 survivors (3072K)
 Metaspace       used 77010K, committed 77696K, reserved 495616K
  class space    used 10682K, committed 11008K, reserved 421888K
}
Event: 41.325 GC heap after
{Heap after GC invocations=45 (full 0):
 garbage-first heap   total 153600K, used 88470K [0x0000000080000000, 0x0000000100000000)
  region size 1024K, 6 young (6144K), 6 survivors (6144K)
 Metaspace       used 77010K, committed 77696K, reserved 495616K
  class space    used 10682K, committed 11008K, reserved 421888K
}
Event: 42.271 GC heap before
{Heap before GC invocations=45 (full 0):
 garbage-first heap   total 153600K, used 125334K [0x0000000080000000, 0x0000000100000000)
  region size 1024K, 42 young (43008K), 6 survivors (6144K)
 Metaspace       used 79098K, committed 79808K, reserved 495616K
  class space    used 10985K, committed 11328K, reserved 421888K
}
Event: 42.291 GC heap after
{Heap after GC invocations=46 (full 0):
 garbage-first heap   total 153600K, used 90538K [0x0000000080000000, 0x0000000100000000)
  region size 1024K, 2 young (2048K), 2 survivors (2048K)
 Metaspace       used 79098K, committed 79808K, reserved 495616K
  class space    used 10985K, committed 11328K, reserved 421888K
}
Event: 43.515 GC heap before
{Heap before GC invocations=46 (full 0):
 garbage-first heap   total 153600K, used 128426K [0x0000000080000000, 0x0000000100000000)
  region size 1024K, 38 young (38912K), 2 survivors (2048K)
 Metaspace       used 81847K, committed 82560K, reserved 495616K
  class space    used 11490K, committed 11840K, reserved 421888K
}
Event: 43.521 GC heap after
{Heap after GC invocations=47 (full 0):
 garbage-first heap   total 153600K, used 91562K [0x0000000080000000, 0x0000000100000000)
  region size 1024K, 3 young (3072K), 3 survivors (3072K)
 Metaspace       used 81847K, committed 82560K, reserved 495616K
  class space    used 11490K, committed 11840K, reserved 421888K
}

